mode: set
github.com/aditya-soni/forge/core/blueprint/engine.go:24.56,31.2 1 1
github.com/aditya-soni/forge/core/blueprint/engine.go:33.42,35.2 1 1
github.com/aditya-soni/forge/core/blueprint/engine.go:38.43,39.11 1 0
github.com/aditya-soni/forge/core/blueprint/engine.go:39.11,41.3 1 0
github.com/aditya-soni/forge/core/blueprint/engine.go:42.2,42.22 1 0
github.com/aditya-soni/forge/core/blueprint/engine.go:45.48,47.2 1 1
github.com/aditya-soni/forge/core/blueprint/engine.go:50.61,52.2 1 1
github.com/aditya-soni/forge/core/blueprint/engine.go:55.38,57.2 1 1
github.com/aditya-soni/forge/core/blueprint/engine.go:59.89,60.32 1 1
github.com/aditya-soni/forge/core/blueprint/engine.go:60.32,62.3 1 1
github.com/aditya-soni/forge/core/blueprint/engine.go:63.2,64.16 2 1
github.com/aditya-soni/forge/core/blueprint/engine.go:64.16,66.3 1 0
github.com/aditya-soni/forge/core/blueprint/engine.go:67.2,68.18 2 1
github.com/aditya-soni/forge/core/blueprint/engine.go:69.23,70.13 1 1
github.com/aditya-soni/forge/core/blueprint/engine.go:71.22,72.61 1 1
github.com/aditya-soni/forge/core/blueprint/engine.go:73.21,74.17 1 1
github.com/aditya-soni/forge/core/blueprint/engine.go:74.17,76.4 1 1
github.com/aditya-soni/forge/core/blueprint/engine.go:77.3,77.13 1 1
github.com/aditya-soni/forge/core/blueprint/engine.go:78.10,79.71 1 0
github.com/aditya-soni/forge/core/blueprint/engine.go:83.87,84.28 1 1
github.com/aditya-soni/forge/core/blueprint/engine.go:84.28,86.20 2 1
github.com/aditya-soni/forge/core/blueprint/engine.go:86.20,87.24 1 1
github.com/aditya-soni/forge/core/blueprint/engine.go:87.24,89.5 1 1
github.com/aditya-soni/forge/core/blueprint/engine.go:90.4,90.25 1 1
github.com/aditya-soni/forge/core/blueprint/engine.go:93.2,93.12 1 1
github.com/aditya-soni/forge/core/blueprint/engine.go:96.73,100.2 3 1
github.com/aditya-soni/forge/core/blueprint/engine.go:102.66,103.43 1 1
github.com/aditya-soni/forge/core/blueprint/engine.go:103.43,105.3 1 1
github.com/aditya-soni/forge/core/blueprint/engine.go:107.2,112.82 5 1
github.com/aditya-soni/forge/core/blueprint/engine.go:112.82,114.3 1 0
github.com/aditya-soni/forge/core/blueprint/engine.go:116.2,117.30 2 1
github.com/aditya-soni/forge/core/blueprint/engine.go:117.30,118.35 1 1
github.com/aditya-soni/forge/core/blueprint/engine.go:118.35,125.4 2 1
github.com/aditya-soni/forge/core/blueprint/engine.go:126.3,126.36 1 1
github.com/aditya-soni/forge/core/blueprint/engine.go:126.36,134.4 3 1
github.com/aditya-soni/forge/core/blueprint/engine.go:135.3,139.10 4 1
github.com/aditya-soni/forge/core/blueprint/engine.go:139.10,147.4 3 1
github.com/aditya-soni/forge/core/blueprint/engine.go:149.3,150.17 2 1
github.com/aditya-soni/forge/core/blueprint/engine.go:150.17,152.4 1 1
github.com/aditya-soni/forge/core/blueprint/engine.go:154.3,157.21 3 1
github.com/aditya-soni/forge/core/blueprint/engine.go:157.21,159.12 2 1
github.com/aditya-soni/forge/core/blueprint/engine.go:161.3,161.52 1 1
github.com/aditya-soni/forge/core/blueprint/engine.go:161.52,163.12 2 1
github.com/aditya-soni/forge/core/blueprint/engine.go:166.3,166.45 1 1
github.com/aditya-soni/forge/core/blueprint/engine.go:166.45,174.4 3 0
github.com/aditya-soni/forge/core/blueprint/engine.go:175.3,178.17 3 1
github.com/aditya-soni/forge/core/blueprint/engine.go:178.17,180.4 1 1
github.com/aditya-soni/forge/core/blueprint/engine.go:181.3,181.29 1 1
github.com/aditya-soni/forge/core/blueprint/engine.go:184.2,186.85 3 1
github.com/aditya-soni/forge/core/blueprint/engine.go:186.85,188.3 1 0
github.com/aditya-soni/forge/core/blueprint/engine.go:189.2,189.19 1 1
github.com/aditya-soni/forge/core/blueprint/engine.go:192.92,193.33 1 1
github.com/aditya-soni/forge/core/blueprint/engine.go:193.33,195.40 2 1
github.com/aditya-soni/forge/core/blueprint/engine.go:195.40,197.4 1 1
github.com/aditya-soni/forge/core/blueprint/engine.go:198.3,198.49 1 1
github.com/aditya-soni/forge/core/blueprint/engine.go:200.2,200.41 1 1
github.com/aditya-soni/forge/core/blueprint/engine.go:203.56,204.25 1 1
github.com/aditya-soni/forge/core/blueprint/engine.go:204.25,206.36 2 1
github.com/aditya-soni/forge/core/blueprint/engine.go:206.36,208.4 1 1
github.com/aditya-soni/forge/core/blueprint/engine.go:210.2,210.13 1 1
github.com/aditya-soni/forge/core/blueprint/engine.go:213.119,218.17 1 1
github.com/aditya-soni/forge/core/blueprint/engine.go:218.17,220.3 1 1
github.com/aditya-soni/forge/core/blueprint/engine.go:222.2,222.60 1 1
github.com/aditya-soni/forge/core/blueprint/engine.go:222.60,224.3 1 1
github.com/aditya-soni/forge/core/blueprint/engine.go:226.2,227.16 2 1
github.com/aditya-soni/forge/core/blueprint/engine.go:227.16,235.3 2 1
github.com/aditya-soni/forge/core/blueprint/engine.go:237.2,243.17 2 1
github.com/aditya-soni/forge/core/blueprint/engine.go:243.17,245.3 1 0
github.com/aditya-soni/forge/core/blueprint/engine.go:247.2,247.33 1 1
github.com/aditya-soni/forge/core/blueprint/engine.go:247.33,253.18 1 1
github.com/aditya-soni/forge/core/blueprint/engine.go:253.18,255.4 1 0
github.com/aditya-soni/forge/core/blueprint/engine.go:258.2,263.17 1 1
github.com/aditya-soni/forge/core/blueprint/engine.go:263.17,265.3 1 0
github.com/aditya-soni/forge/core/blueprint/engine.go:267.2,267.20 1 1
github.com/aditya-soni/forge/core/blueprint/engine_parallel.go:20.80,21.24 1 1
github.com/aditya-soni/forge/core/blueprint/engine_parallel.go:21.24,23.3 1 0
github.com/aditya-soni/forge/core/blueprint/engine_parallel.go:24.2,26.29 3 1
github.com/aditya-soni/forge/core/blueprint/engine_parallel.go:26.29,28.21 2 1
github.com/aditya-soni/forge/core/blueprint/engine_parallel.go:28.21,30.4 1 0
github.com/aditya-soni/forge/core/blueprint/engine_parallel.go:31.3,31.22 1 1
github.com/aditya-soni/forge/core/blueprint/engine_parallel.go:31.22,32.31 1 0
github.com/aditya-soni/forge/core/blueprint/engine_parallel.go:32.31,34.5 1 0
github.com/aditya-soni/forge/core/blueprint/engine_parallel.go:35.4,37.12 3 0
github.com/aditya-soni/forge/core/blueprint/engine_parallel.go:39.3,40.15 2 1
github.com/aditya-soni/forge/core/blueprint/engine_parallel.go:40.15,43.12 3 1
github.com/aditya-soni/forge/core/blueprint/engine_parallel.go:45.3,45.19 1 1
github.com/aditya-soni/forge/core/blueprint/engine_parallel.go:45.19,47.4 1 0
github.com/aditya-soni/forge/core/blueprint/engine_parallel.go:48.3,48.18 1 1
github.com/aditya-soni/forge/core/blueprint/engine_parallel.go:48.18,50.4 1 0
github.com/aditya-soni/forge/core/blueprint/engine_parallel.go:52.2,52.20 1 1
github.com/aditya-soni/forge/core/blueprint/engine_parallel.go:55.108,59.30 4 1
github.com/aditya-soni/forge/core/blueprint/engine_parallel.go:59.30,61.21 2 1
github.com/aditya-soni/forge/core/blueprint/engine_parallel.go:61.21,63.11 2 1
github.com/aditya-soni/forge/core/blueprint/engine_parallel.go:63.11,65.5 1 0
github.com/aditya-soni/forge/core/blueprint/engine_parallel.go:66.4,67.18 2 1
github.com/aditya-soni/forge/core/blueprint/engine_parallel.go:67.18,69.5 1 1
github.com/aditya-soni/forge/core/blueprint/engine_parallel.go:70.4,71.14 2 1
github.com/aditya-soni/forge/core/blueprint/engine_parallel.go:74.2,74.33 1 1
github.com/aditya-soni/forge/core/blueprint/engine_parallel.go:74.33,76.3 1 1
github.com/aditya-soni/forge/core/blueprint/engine_parallel.go:77.2,77.29 1 1
github.com/aditya-soni/forge/core/blueprint/engine_parallel.go:77.29,79.37 2 1
github.com/aditya-soni/forge/core/blueprint/engine_parallel.go:79.37,81.4 1 1
github.com/aditya-soni/forge/core/blueprint/engine_parallel.go:83.2,83.38 1 1
github.com/aditya-soni/forge/core/blueprint/eval_node.go:20.109,28.2 1 1
github.com/aditya-soni/forge/core/blueprint/eval_node.go:30.45,30.60 1 1
github.com/aditya-soni/forge/core/blueprint/eval_node.go:31.45,31.68 1 1
github.com/aditya-soni/forge/core/blueprint/eval_node.go:32.45,32.61 1 1
github.com/aditya-soni/forge/core/blueprint/eval_node.go:34.86,37.16 3 1
github.com/aditya-soni/forge/core/blueprint/eval_node.go:37.16,42.3 1 1
github.com/aditya-soni/forge/core/blueprint/eval_node.go:44.2,45.16 2 1
github.com/aditya-soni/forge/core/blueprint/eval_node.go:45.16,51.3 1 1
github.com/aditya-soni/forge/core/blueprint/eval_node.go:53.2,54.26 2 1
github.com/aditya-soni/forge/core/blueprint/eval_node.go:54.26,56.3 1 1
github.com/aditya-soni/forge/core/blueprint/eval_node.go:57.2,57.67 1 1
github.com/aditya-soni/forge/core/blueprint/eval_node.go:62.60,65.25 3 1
github.com/aditya-soni/forge/core/blueprint/eval_node.go:65.25,67.32 2 1
github.com/aditya-soni/forge/core/blueprint/eval_node.go:67.32,69.4 1 1
github.com/aditya-soni/forge/core/blueprint/eval_node.go:71.2,72.19 2 1
github.com/aditya-soni/forge/core/blueprint/eval_node.go:76.53,77.65 1 1
github.com/aditya-soni/forge/core/blueprint/eval_node.go:77.65,80.45 3 1
github.com/aditya-soni/forge/core/blueprint/eval_node.go:80.45,82.4 1 1
github.com/aditya-soni/forge/core/blueprint/eval_node.go:84.2,84.97 1 1
github.com/aditya-soni/forge/core/blueprint/graph.go:12.24,17.2 1 1
github.com/aditya-soni/forge/core/blueprint/graph.go:19.39,20.42 1 1
github.com/aditya-soni/forge/core/blueprint/graph.go:20.42,22.3 1 1
github.com/aditya-soni/forge/core/blueprint/graph.go:23.2,24.12 2 1
github.com/aditya-soni/forge/core/blueprint/graph.go:27.49,30.2 2 1
github.com/aditya-soni/forge/core/blueprint/graph.go:32.33,34.2 1 1
github.com/aditya-soni/forge/core/blueprint/graph.go:36.47,37.31 1 1
github.com/aditya-soni/forge/core/blueprint/graph.go:37.31,39.3 1 1
github.com/aditya-soni/forge/core/blueprint/graph.go:40.2,41.12 2 1
github.com/aditya-soni/forge/core/blueprint/graph.go:44.36,46.2 1 1
github.com/aditya-soni/forge/core/blueprint/graph.go:48.39,49.35 1 1
github.com/aditya-soni/forge/core/blueprint/graph.go:49.35,51.3 1 1
github.com/aditya-soni/forge/core/blueprint/graph.go:52.2,52.33 1 1
github.com/aditya-soni/forge/core/blueprint/graph.go:52.33,54.3 1 1
github.com/aditya-soni/forge/core/blueprint/graph.go:55.2,57.12 3 1
github.com/aditya-soni/forge/core/blueprint/graph.go:63.62,65.40 2 1
github.com/aditya-soni/forge/core/blueprint/graph.go:65.40,66.43 1 1
github.com/aditya-soni/forge/core/blueprint/graph.go:66.43,68.4 1 1
github.com/aditya-soni/forge/core/blueprint/graph.go:68.9,68.38 1 1
github.com/aditya-soni/forge/core/blueprint/graph.go:68.38,70.4 1 1
github.com/aditya-soni/forge/core/blueprint/graph.go:72.2,72.15 1 1
github.com/aditya-soni/forge/core/blueprint/graph.go:75.34,76.23 1 1
github.com/aditya-soni/forge/core/blueprint/graph.go:76.23,78.3 1 1
github.com/aditya-soni/forge/core/blueprint/graph.go:79.2,79.40 1 1
github.com/aditya-soni/forge/core/blueprint/graph.go:79.40,81.3 1 1
github.com/aditya-soni/forge/core/blueprint/graph.go:82.2,84.26 3 1
github.com/aditya-soni/forge/core/blueprint/graph.go:84.26,85.19 1 1
github.com/aditya-soni/forge/core/blueprint/graph.go:85.19,87.4 1 1
github.com/aditya-soni/forge/core/blueprint/graph.go:89.2,89.12 1 1
github.com/aditya-soni/forge/core/blueprint/graph.go:92.61,93.21 1 1
github.com/aditya-soni/forge/core/blueprint/graph.go:93.21,95.3 1 1
github.com/aditya-soni/forge/core/blueprint/graph.go:96.2,97.40 2 1
github.com/aditya-soni/forge/core/blueprint/graph.go:97.40,99.3 1 1
github.com/aditya-soni/forge/core/blueprint/hooks.go:22.36,23.11 1 1
github.com/aditya-soni/forge/core/blueprint/hooks.go:24.20,25.24 1 1
github.com/aditya-soni/forge/core/blueprint/hooks.go:26.23,27.27 1 1
github.com/aditya-soni/forge/core/blueprint/hooks.go:28.24,29.28 1 1
github.com/aditya-soni/forge/core/blueprint/hooks.go:30.28,31.32 1 1
github.com/aditya-soni/forge/core/blueprint/hooks.go:32.25,33.29 1 0
github.com/aditya-soni/forge/core/blueprint/hooks.go:34.23,35.27 1 1
github.com/aditya-soni/forge/core/blueprint/hooks.go:36.20,37.24 1 1
github.com/aditya-soni/forge/core/blueprint/hooks.go:38.10,39.46 1 0
github.com/aditya-soni/forge/core/blueprint/hooks.go:62.37,64.2 1 1
github.com/aditya-soni/forge/core/blueprint/node.go:19.66,21.2 1 1
github.com/aditya-soni/forge/core/blueprint/node.go:23.45,23.60 1 1
github.com/aditya-soni/forge/core/blueprint/node.go:24.45,24.77 1 1
github.com/aditya-soni/forge/core/blueprint/node.go:26.54,26.69 1 1
github.com/aditya-soni/forge/core/blueprint/node.go:28.91,31.16 3 1
github.com/aditya-soni/forge/core/blueprint/node.go:31.16,37.3 1 1
github.com/aditya-soni/forge/core/blueprint/node.go:38.2,41.8 1 1
github.com/aditya-soni/forge/core/blueprint/node.go:51.52,53.2 1 1
github.com/aditya-soni/forge/core/blueprint/node.go:55.36,55.51 1 1
github.com/aditya-soni/forge/core/blueprint/node.go:56.36,56.59 1 1
github.com/aditya-soni/forge/core/blueprint/node.go:58.45,58.61 1 0
github.com/aditya-soni/forge/core/blueprint/node.go:60.84,62.9 2 1
github.com/aditya-soni/forge/core/blueprint/node.go:62.9,67.3 1 1
github.com/aditya-soni/forge/core/blueprint/node.go:68.2,68.37 1 1
github.com/aditya-soni/forge/core/blueprint/node.go:68.37,70.3 1 1
github.com/aditya-soni/forge/core/blueprint/node.go:71.2,71.50 1 1
github.com/aditya-soni/forge/core/blueprint/node.go:82.108,84.2 1 1
github.com/aditya-soni/forge/core/blueprint/node.go:88.66,91.2 2 1
github.com/aditya-soni/forge/core/blueprint/node.go:93.39,93.54 1 1
github.com/aditya-soni/forge/core/blueprint/node.go:94.39,94.65 1 1
github.com/aditya-soni/forge/core/blueprint/node.go:96.48,96.76 1 1
github.com/aditya-soni/forge/core/blueprint/node.go:98.85,100.16 2 1
github.com/aditya-soni/forge/core/blueprint/node.go:100.16,105.3 1 1
github.com/aditya-soni/forge/core/blueprint/node.go:106.2,109.8 1 1
github.com/aditya-soni/forge/core/blueprint/permissions.go:14.46,15.12 1 1
github.com/aditya-soni/forge/core/blueprint/permissions.go:16.23,17.17 1 1
github.com/aditya-soni/forge/core/blueprint/permissions.go:18.22,19.16 1 1
github.com/aditya-soni/forge/core/blueprint/permissions.go:20.21,21.15 1 1
github.com/aditya-soni/forge/core/blueprint/permissions.go:22.10,23.19 1 1
github.com/aditya-soni/forge/core/blueprint/permissions.go:35.97,37.2 1 1
github.com/aditya-soni/forge/core/blueprint/types.go:17.36,18.12 1 1
github.com/aditya-soni/forge/core/blueprint/types.go:19.23,20.19 1 1
github.com/aditya-soni/forge/core/blueprint/types.go:21.29,22.25 1 1
github.com/aditya-soni/forge/core/blueprint/types.go:23.20,24.16 1 1
github.com/aditya-soni/forge/core/blueprint/types.go:25.20,26.16 1 1
github.com/aditya-soni/forge/core/blueprint/types.go:27.10,28.19 1 1
github.com/aditya-soni/forge/core/blueprint/types.go:41.38,42.12 1 1
github.com/aditya-soni/forge/core/blueprint/types.go:43.25,44.19 1 1
github.com/aditya-soni/forge/core/blueprint/types.go:45.25,46.19 1 1
github.com/aditya-soni/forge/core/blueprint/types.go:47.24,48.18 1 1
github.com/aditya-soni/forge/core/blueprint/types.go:49.24,50.18 1 1
github.com/aditya-soni/forge/core/blueprint/types.go:51.10,52.19 1 1
github.com/aditya-soni/forge/core/blueprint/types.go:86.57,94.2 1 1
github.com/aditya-soni/forge/core/blueprint/yaml.go:42.62,44.50 2 1
github.com/aditya-soni/forge/core/blueprint/yaml.go:44.50,46.3 1 1
github.com/aditya-soni/forge/core/blueprint/yaml.go:47.2,47.19 1 1
github.com/aditya-soni/forge/core/blueprint/yaml.go:47.19,49.3 1 1
github.com/aditya-soni/forge/core/blueprint/yaml.go:50.2,50.20 1 1
github.com/aditya-soni/forge/core/blueprint/yaml.go:50.20,52.3 1 1
github.com/aditya-soni/forge/core/blueprint/yaml.go:53.2,53.24 1 1
github.com/aditya-soni/forge/core/blueprint/yaml.go:53.24,55.3 1 1
github.com/aditya-soni/forge/core/blueprint/yaml.go:56.2,56.17 1 1
github.com/aditya-soni/forge/core/blueprint/yaml.go:59.77,61.56 2 1
github.com/aditya-soni/forge/core/blueprint/yaml.go:61.56,63.3 1 1
github.com/aditya-soni/forge/core/blueprint/yaml.go:64.2,64.30 1 1
github.com/aditya-soni/forge/core/blueprint/yaml.go:64.30,65.92 1 1
github.com/aditya-soni/forge/core/blueprint/yaml.go:65.92,67.4 1 1
github.com/aditya-soni/forge/core/blueprint/yaml.go:69.2,69.49 1 1
github.com/aditya-soni/forge/core/blueprint/yaml.go:69.49,71.3 1 1
github.com/aditya-soni/forge/core/blueprint/yaml.go:72.2,72.15 1 1
github.com/aditya-soni/forge/core/blueprint/yaml.go:75.82,76.31 1 1
github.com/aditya-soni/forge/core/blueprint/yaml.go:76.31,77.50 1 1
github.com/aditya-soni/forge/core/blueprint/yaml.go:77.50,79.4 1 1
github.com/aditya-soni/forge/core/blueprint/yaml.go:80.3,81.17 2 1
github.com/aditya-soni/forge/core/blueprint/yaml.go:81.17,83.4 1 1
github.com/aditya-soni/forge/core/blueprint/yaml.go:84.3,84.41 1 1
github.com/aditya-soni/forge/core/blueprint/yaml.go:84.41,86.4 1 1
github.com/aditya-soni/forge/core/blueprint/yaml.go:88.2,88.12 1 1
github.com/aditya-soni/forge/core/blueprint/yaml.go:91.57,92.54 1 1
github.com/aditya-soni/forge/core/blueprint/yaml.go:92.54,94.3 1 1
github.com/aditya-soni/forge/core/blueprint/yaml.go:97.2,97.12 1 1
github.com/aditya-soni/forge/core/blueprint/yaml.go:100.69,101.16 1 1
github.com/aditya-soni/forge/core/blueprint/yaml.go:101.16,103.3 1 0
github.com/aditya-soni/forge/core/blueprint/yaml.go:104.2,105.24 2 1
github.com/aditya-soni/forge/core/blueprint/yaml.go:105.24,107.3 1 1
github.com/aditya-soni/forge/core/blueprint/yaml.go:108.2,108.12 1 1
github.com/aditya-soni/forge/core/blueprint/yaml.go:111.78,112.17 1 1
github.com/aditya-soni/forge/core/blueprint/yaml.go:113.17,115.19 2 1
github.com/aditya-soni/forge/core/blueprint/yaml.go:115.19,117.4 1 1
github.com/aditya-soni/forge/core/blueprint/yaml.go:118.3,119.31 2 1
github.com/aditya-soni/forge/core/blueprint/yaml.go:119.31,123.4 3 1
github.com/aditya-soni/forge/core/blueprint/yaml.go:124.3,124.27 1 1
github.com/aditya-soni/forge/core/blueprint/yaml.go:124.27,126.4 1 0
github.com/aditya-soni/forge/core/blueprint/yaml.go:127.3,127.25 1 1
github.com/aditya-soni/forge/core/blueprint/yaml.go:127.25,129.4 1 0
github.com/aditya-soni/forge/core/blueprint/yaml.go:130.3,131.32 2 1
github.com/aditya-soni/forge/core/blueprint/yaml.go:131.32,133.4 1 1
github.com/aditya-soni/forge/core/blueprint/yaml.go:134.3,134.16 1 1
github.com/aditya-soni/forge/core/blueprint/yaml.go:135.23,137.20 2 1
github.com/aditya-soni/forge/core/blueprint/yaml.go:137.20,139.4 1 1
github.com/aditya-soni/forge/core/blueprint/yaml.go:140.3,143.16 4 1
github.com/aditya-soni/forge/core/blueprint/yaml.go:144.14,146.22 2 1
github.com/aditya-soni/forge/core/blueprint/yaml.go:146.22,148.4 1 1
github.com/aditya-soni/forge/core/blueprint/yaml.go:149.3,152.16 4 1
github.com/aditya-soni/forge/core/blueprint/yaml.go:153.14,155.19 2 1
github.com/aditya-soni/forge/core/blueprint/yaml.go:155.19,157.4 1 1
github.com/aditya-soni/forge/core/blueprint/yaml.go:158.3,160.33 3 1
github.com/aditya-soni/forge/core/blueprint/yaml.go:160.33,161.31 1 1
github.com/aditya-soni/forge/core/blueprint/yaml.go:161.31,163.5 1 1
github.com/aditya-soni/forge/core/blueprint/yaml.go:165.3,166.52 2 1
github.com/aditya-soni/forge/core/blueprint/yaml.go:166.52,168.4 1 1
github.com/aditya-soni/forge/core/blueprint/yaml.go:169.3,169.69 1 1
github.com/aditya-soni/forge/core/blueprint/yaml.go:170.10,171.59 1 1
